2024-11-08T00:00:00 - Fix minor bugs in data preprocessing
2024-11-08T00:00:00 - Optimize training loop
2024-11-08T00:00:00 - Add support for new dataset
2024-11-08T00:00:00 - Refactor model architecture for better performance
2024-11-08T00:00:00 - Implement new feature for model evaluation
2024-11-14T00:00:00 - Implement new feature for model evaluation
2024-11-14T00:00:00 - Adjust hyperparameters for better convergence
2024-11-14T00:00:00 - Update project structure
2024-11-14T00:00:00 - Adjust hyperparameters for better convergence
2024-12-04T00:00:00 - Add comments to complex functions
2024-12-04T00:00:00 - Refactor model architecture for better performance
2024-12-19T00:00:00 - Update documentation and README
2024-12-19T00:00:00 - Add support for new dataset
2024-12-19T00:00:00 - Add comments to complex functions
2024-12-19T00:00:00 - Fix issue with model saving and loading
2024-12-24T00:00:00 - Implement new feature for model evaluation
2024-12-24T00:00:00 - Fix issue with model saving and loading
2025-01-03T00:00:00 - Adjust hyperparameters for better convergence
2025-01-03T00:00:00 - Add unit tests for core modules
2025-01-03T00:00:00 - Update dependencies in requirements.txt
2025-01-03T00:00:00 - Refactor model architecture for better performance
2025-01-03T00:00:00 - Adjust hyperparameters for better convergence
2025-01-17T00:00:00 - Fix minor bugs in data preprocessing
2025-01-17T00:00:00 - Fix minor bugs in data preprocessing
2025-01-29T00:00:00 - Fix issue with model saving and loading
2025-01-29T00:00:00 - Add support for new dataset
2025-01-29T00:00:00 - Add unit tests for core modules
2025-01-29T00:00:00 - Fix issue with model saving and loading
2025-02-11T00:00:00 - Add unit tests for core modules
2025-02-11T00:00:00 - Update project structure
2025-02-11T00:00:00 - Adjust hyperparameters for better convergence
2025-02-11T00:00:00 - Add support for new dataset
2025-02-12T00:00:00 - Fix issue with model saving and loading
2025-02-12T00:00:00 - Adjust hyperparameters for better convergence
2025-02-12T00:00:00 - Improve error handling in API endpoints
2025-02-12T00:00:00 - Update project structure
2025-02-19T00:00:00 - Optimize training loop
2025-02-19T00:00:00 - Add support for new dataset
2025-02-19T00:00:00 - Adjust hyperparameters for better convergence
2025-02-19T00:00:00 - Add support for new dataset
2025-03-03T00:00:00 - Enhance visualization scripts
2025-03-03T00:00:00 - Update dependencies in requirements.txt
2025-04-11T00:00:00 - Fix issue with model saving and loading
2025-04-11T00:00:00 - Update dependencies in requirements.txt
2025-05-02T00:00:00 - Clean up code and remove unused imports
2025-05-12T00:00:00 - Add comments to complex functions
2025-05-12T00:00:00 - Adjust hyperparameters for better convergence
2025-05-12T00:00:00 - Fix minor bugs in data preprocessing
2025-05-12T00:00:00 - Adjust hyperparameters for better convergence
2025-05-12T00:00:00 - Refactor model architecture for better performance
2025-05-20T00:00:00 - Add comments to complex functions
2025-05-20T00:00:00 - Improve error handling in API endpoints
2025-05-20T00:00:00 - Fix minor bugs in data preprocessing
2025-05-22T00:00:00 - Improve error handling in API endpoints
2025-06-10T00:00:00 - Refactor model architecture for better performance
2025-06-10T00:00:00 - Add comments to complex functions
2025-06-10T00:00:00 - Update documentation and README
2025-07-30T00:00:00 - Fix issue with model saving and loading
2025-07-30T00:00:00 - Fix minor bugs in data preprocessing
2025-07-30T00:00:00 - Implement new feature for model evaluation
2025-07-30T00:00:00 - Optimize training loop
2025-07-30T00:00:00 - Enhance visualization scripts
2025-08-18T00:00:00 - Improve error handling in API endpoints
2025-08-18T00:00:00 - Update project structure
2025-08-18T00:00:00 - Add unit tests for core modules
2025-09-04T00:00:00 - Adjust hyperparameters for better convergence
2025-09-04T00:00:00 - Fix issue with model saving and loading
2025-09-04T00:00:00 - Refactor model architecture for better performance
2025-09-10T00:00:00 - Update dependencies in requirements.txt
2025-09-10T00:00:00 - Optimize training loop
2025-09-10T00:00:00 - Update dependencies in requirements.txt
2025-09-10T00:00:00 - Enhance visualization scripts
2025-09-19T00:00:00 - Update dependencies in requirements.txt
2025-09-25T00:00:00 - Adjust hyperparameters for better convergence
2025-10-03T00:00:00 - Update project structure
2025-10-07T00:00:00 - Optimize training loop
2025-10-17T00:00:00 - Improve error handling in API endpoints
2025-10-17T00:00:00 - Fix issue with model saving and loading
2025-10-17T00:00:00 - Enhance visualization scripts
2025-11-04T00:00:00 - Enhance visualization scripts
2025-11-04T00:00:00 - Optimize training loop
2025-11-04T00:00:00 - Add support for new dataset
2025-11-04T00:00:00 - Enhance visualization scripts
2025-11-04T00:00:00 - Implement new feature for model evaluation
2025-11-21T00:00:00 - Adjust hyperparameters for better convergence
2025-11-21T00:00:00 - Refactor model architecture for better performance
2025-11-21T00:00:00 - Add unit tests for core modules
2025-11-21T00:00:00 - Improve error handling in API endpoints
2025-11-21T00:00:00 - Add support for new dataset
2025-12-03T00:00:00 - Enhance visualization scripts
2025-12-03T00:00:00 - Update documentation and README
2025-12-12T00:00:00 - Refactor model architecture for better performance
2025-12-12T00:00:00 - Clean up code and remove unused imports
2025-12-12T00:00:00 - Enhance visualization scripts
2025-12-12T00:00:00 - Optimize training loop
2025-12-16T00:00:00 - Refactor model architecture for better performance
2025-12-16T00:00:00 - Update project structure
2025-12-16T00:00:00 - Add comments to complex functions
2025-12-18T00:00:00 - Update documentation and README
2025-12-23T00:00:00 - Add comments to complex functions
2025-12-23T00:00:00 - Update project structure
2025-12-23T00:00:00 - Update project structure
2025-12-23T00:00:00 - Implement new feature for model evaluation
2025-12-23T00:00:00 - Adjust hyperparameters for better convergence
2025-12-24T00:00:00 - Refactor model architecture for better performance
2025-12-24T00:00:00 - Update documentation and README
2026-01-02T00:00:00 - Update documentation and README
2026-01-02T00:00:00 - Update documentation and README
2026-01-02T00:00:00 - Fix minor bugs in data preprocessing
2026-01-02T00:00:00 - Add unit tests for core modules
2026-01-02T00:00:00 - Fix minor bugs in data preprocessing
2026-01-13T00:00:00 - Add comments to complex functions
2026-01-13T00:00:00 - Add support for new dataset
2026-01-26T00:00:00 - Update project structure
2026-01-26T00:00:00 - Implement new feature for model evaluation
2026-01-26T00:00:00 - Fix issue with model saving and loading
2026-01-26T00:00:00 - Add unit tests for core modules
2026-02-09T00:00:00 - Improve error handling in API endpoints
2026-02-09T00:00:00 - Clean up code and remove unused imports
2026-02-18T00:00:00 - Update documentation and README
2026-02-18T00:00:00 - Improve error handling in API endpoints
2026-02-18T00:00:00 - Fix minor bugs in data preprocessing
2026-02-26T00:00:00 - Update project structure
2026-03-03T00:00:00 - Update documentation and README
2026-03-03T00:00:00 - Update documentation and README
2026-03-03T00:00:00 - Clean up code and remove unused imports
2026-03-03T00:00:00 - Improve error handling in API endpoints
2026-03-16T00:00:00 - Add comments to complex functions
2026-03-16T00:00:00 - Fix issue with model saving and loading
2026-03-16T00:00:00 - Add unit tests for core modules
2026-03-16T00:00:00 - Update project structure
2024-11-01T00:00:00 - 0 - Add support for new dataset
2024-11-01T00:00:00 - 1 - Add unit tests for core modules
2024-11-01T00:00:00 - 2 - Adjust hyperparameters for better convergence
2024-11-01T00:00:00 - 3 - Update project structure
2024-11-01T00:00:00 - 4 - Update documentation and README
2024-11-01T00:00:00 - 5 - Implement new feature for model evaluation
2024-11-01T00:00:00 - 6 - Update documentation and README
2024-11-01T00:00:00 - 7 - Optimize training loop
2024-11-01T00:00:00 - 8 - Add unit tests for core modules
2024-11-01T00:00:00 - 9 - Optimize training loop
2024-11-01T00:00:00 - 10 - Add support for new dataset
2024-11-01T00:00:00 - 11 - Fix issue with model saving and loading
2024-11-01T00:00:00 - 12 - Adjust hyperparameters for better convergence
2024-11-01T00:00:00 - 13 - Improve error handling in API endpoints
2024-11-01T00:00:00 - 14 - Fix minor bugs in data preprocessing
2024-11-01T00:00:00 - 15 - Add unit tests for core modules
2024-11-01T00:00:00 - 16 - Adjust hyperparameters for better convergence
2024-11-01T00:00:00 - 17 - Implement new feature for model evaluation
2024-11-01T00:00:00 - 18 - Add unit tests for core modules
